<?xml version="1.0" encoding="UTF-8"?>
<testsuite xmlns:xsi="http://www.w3.org/2001/XMLSchema-instance" xsi:noNamespaceSchemaLocation="https://maven.apache.org/surefire/maven-surefire-plugin/xsd/surefire-test-report-3.0.xsd" version="3.0" name="de.saxsys.mvvmfx.cdi.it.IntegrationTest" time="31.912" tests="1" errors="0" skipped="0" failures="1">
  <properties>
[...]
</properties>
  <testcase name="test" classname="de.saxsys.mvvmfx.cdi.it.IntegrationTest" time="31.9">
    <failure message="&#10;Expecting actual not to be null" type="java.lang.AssertionError"><![CDATA[java.lang.AssertionError: 

Expecting actual not to be null
	at de.saxsys.mvvmfx.cdi.it.IntegrationTest.test(IntegrationTest.java:44)
	at java.base/jdk.internal.reflect.DirectMethodHandleAccessor.invoke(DirectMethodHandleAccessor.java:104)
	at java.base/java.lang.reflect.Method.invoke(Method.java:578)
	at org.junit.platform.commons.util.ReflectionUtils.invokeMethod(ReflectionUtils.java:727)
	at org.junit.jupiter.engine.execution.MethodInvocation.proceed(MethodInvocation.java:60)
	at org.junit.jupiter.engine.execution.InvocationInterceptorChain$ValidatingInvocation.proceed(InvocationInterceptorChain.java:131)
	at org.junit.jupiter.engine.extension.TimeoutExtension.intercept(TimeoutExtension.java:156)
	at org.junit.jupiter.engine.extension.TimeoutExtension.interceptTestableMethod(TimeoutExtension.java:147)
	at org.junit.jupiter.engine.extension.TimeoutExtension.interceptTestMethod(TimeoutExtension.java:86)
	at org.junit.jupiter.engine.execution.InterceptingExecutableInvoker$ReflectiveInterceptorCall.lambda$ofVoidMethod$0(InterceptingExecutableInvoker.java:103)
	at org.junit.jupiter.engine.execution.InterceptingExecutableInvoker.lambda$invoke$0(InterceptingExecutableInvoker.java:93)
	at org.junit.jupiter.engine.execution.InvocationInterceptorChain$InterceptedInvocation.proceed(InvocationInterceptorChain.java:106)
	at org.junit.jupiter.engine.execution.InvocationInterceptorChain.proceed(InvocationInterceptorChain.java:64)
	at org.junit.jupiter.engine.execution.InvocationInterceptorChain.chainAndInvoke(InvocationInterceptorChain.java:45)
	at org.junit.jupiter.engine.execution.InvocationInterceptorChain.invoke(InvocationInterceptorChain.java:37)
	at org.junit.jupiter.engine.execution.InterceptingExecutableInvoker.invoke(InterceptingExecutableInvoker.java:92)
	at org.junit.jupiter.engine.execution.InterceptingExecutableInvoker.invoke(InterceptingExecutableInvoker.java:86)
	at org.junit.jupiter.engine.descriptor.TestMethodTestDescriptor.lambda$invokeTestMethod$7(TestMethodTestDescriptor.java:217)
	at org.junit.platform.engine.support.hierarchical.ThrowableCollector.execute(ThrowableCollector.java:73)
	at org.junit.jupiter.engine.descriptor.TestMethodTestDescriptor.invokeTestMethod(TestMethodTestDescriptor.java:213)
	at org.junit.jupiter.engine.descriptor.TestMethodTestDescriptor.execute(TestMethodTestDescriptor.java:138)
	at org.junit.jupiter.engine.descriptor.TestMethodTestDescriptor.execute(TestMethodTestDescriptor.java:68)
	at org.junit.platform.engine.support.hierarchical.NodeTestTask.lambda$executeRecursively$6(NodeTestTask.java:151)
	at org.junit.platform.engine.support.hierarchical.ThrowableCollector.execute(ThrowableCollector.java:73)
	at org.junit.platform.engine.support.hierarchical.NodeTestTask.lambda$executeRecursively$8(NodeTestTask.java:141)
	at org.junit.platform.engine.support.hierarchical.Node.around(Node.java:137)
	at org.junit.platform.engine.support.hierarchical.NodeTestTask.lambda$executeRecursively$9(NodeTestTask.java:139)
	at org.junit.platform.engine.support.hierarchical.ThrowableCollector.execute(ThrowableCollector.java:73)
	at org.junit.platform.engine.support.hierarchical.NodeTestTask.executeRecursively(NodeTestTask.java:138)
	at org.junit.platform.engine.support.hierarchical.NodeTestTask.execute(NodeTestTask.java:95)
	at java.base/java.util.ArrayList.forEach(ArrayList.java:1511)
	at org.junit.platform.engine.support.hierarchical.SameThreadHierarchicalTestExecutorService.invokeAll(SameThreadHierarchicalTestExecutorService.java:41)
	at org.junit.platform.engine.support.hierarchical.NodeTestTask.lambda$executeRecursively$6(NodeTestTask.java:155)
	at org.junit.platform.engine.support.hierarchical.ThrowableCollector.execute(ThrowableCollector.java:73)
	at org.junit.platform.engine.support.hierarchical.NodeTestTask.lambda$executeRecursively$8(NodeTestTask.java:141)
	at org.junit.platform.engine.support.hierarchical.Node.around(Node.java:137)
	at org.junit.platform.engine.support.hierarchical.NodeTestTask.lambda$executeRecursively$9(NodeTestTask.java:139)
	at org.junit.platform.engine.support.hierarchical.ThrowableCollector.execute(ThrowableCollector.java:73)
	at org.junit.platform.engine.support.hierarchical.NodeTestTask.executeRecursively(NodeTestTask.java:138)
	at org.junit.platform.engine.support.hierarchical.NodeTestTask.execute(NodeTestTask.java:95)
	at java.base/java.util.ArrayList.forEach(ArrayList.java:1511)
	at org.junit.platform.engine.support.hierarchical.SameThreadHierarchicalTestExecutorService.invokeAll(SameThreadHierarchicalTestExecutorService.java:41)
	at org.junit.platform.engine.support.hierarchical.NodeTestTask.lambda$executeRecursively$6(NodeTestTask.java:155)
	at org.junit.platform.engine.support.hierarchical.ThrowableCollector.execute(ThrowableCollector.java:73)
	at org.junit.platform.engine.support.hierarchical.NodeTestTask.lambda$executeRecursively$8(NodeTestTask.java:141)
	at org.junit.platform.engine.support.hierarchical.Node.around(Node.java:137)
	at org.junit.platform.engine.support.hierarchical.NodeTestTask.lambda$executeRecursively$9(NodeTestTask.java:139)
	at org.junit.platform.engine.support.hierarchical.ThrowableCollector.execute(ThrowableCollector.java:73)
	at org.junit.platform.engine.support.hierarchical.NodeTestTask.executeRecursively(NodeTestTask.java:138)
	at org.junit.platform.engine.support.hierarchical.NodeTestTask.execute(NodeTestTask.java:95)
	at org.junit.platform.engine.support.hierarchical.SameThreadHierarchicalTestExecutorService.submit(SameThreadHierarchicalTestExecutorService.java:35)
	at org.junit.platform.engine.support.hierarchical.HierarchicalTestExecutor.execute(HierarchicalTestExecutor.java:57)
	at org.junit.platform.engine.support.hierarchical.HierarchicalTestEngine.execute(HierarchicalTestEngine.java:54)
	at org.junit.platform.launcher.core.EngineExecutionOrchestrator.execute(EngineExecutionOrchestrator.java:147)
	at org.junit.platform.launcher.core.EngineExecutionOrchestrator.execute(EngineExecutionOrchestrator.java:127)
	at org.junit.platform.launcher.core.EngineExecutionOrchestrator.execute(EngineExecutionOrchestrator.java:90)
	at org.junit.platform.launcher.core.EngineExecutionOrchestrator.lambda$execute$0(EngineExecutionOrchestrator.java:55)
	at org.junit.platform.launcher.core.EngineExecutionOrchestrator.withInterceptedStreams(EngineExecutionOrchestrator.java:102)
	at org.junit.platform.launcher.core.EngineExecutionOrchestrator.execute(EngineExecutionOrchestrator.java:54)
	at org.junit.platform.launcher.core.DefaultLauncher.execute(DefaultLauncher.java:114)
	at org.junit.platform.launcher.core.DefaultLauncher.execute(DefaultLauncher.java:86)
	at org.junit.platform.launcher.core.DefaultLauncherSession$DelegatingLauncher.execute(DefaultLauncherSession.java:86)
	at org.apache.maven.surefire.junitplatform.LazyLauncher.execute(LazyLauncher.java:50)
	at org.apache.maven.surefire.junitplatform.JUnitPlatformProvider.execute(JUnitPlatformProvider.java:184)
	at org.apache.maven.surefire.junitplatform.JUnitPlatformProvider.invokeAllTests(JUnitPlatformProvider.java:148)
	at org.apache.maven.surefire.junitplatform.JUnitPlatformProvider.invoke(JUnitPlatformProvider.java:122)
	at org.apache.maven.surefire.booter.ForkedBooter.runSuitesInProcess(ForkedBooter.java:385)
	at org.apache.maven.surefire.booter.ForkedBooter.execute(ForkedBooter.java:162)
	at org.apache.maven.surefire.booter.ForkedBooter.run(ForkedBooter.java:507)
	at org.apache.maven.surefire.booter.ForkedBooter.main(ForkedBooter.java:495)
]]></failure>
    <system-out><![CDATA[2023-08-15 21:39:04,353 JavaFX Application Thread DEBUG Apache Log4j Core 2.19.0 initializing configuration XmlConfiguration[location=jar:file:/C:/Users/septb/.m2/repository/datalife/ds/ds-sqlite/1.0-SNAPSHOT/ds-sqlite-1.0-SNAPSHOT.jar!/log4j2.xml]
2023-08-15 21:39:04,355 JavaFX Application Thread DEBUG PluginManager 'Core' found 130 plugins
2023-08-15 21:39:04,355 JavaFX Application Thread DEBUG PluginManager 'Level' found 0 plugins
2023-08-15 21:39:04,357 JavaFX Application Thread DEBUG PluginManager 'Lookup' found 16 plugins
2023-08-15 21:39:04,358 JavaFX Application Thread DEBUG Building Plugin[name=layout, class=org.apache.logging.log4j.core.layout.PatternLayout].
2023-08-15 21:39:04,363 JavaFX Application Thread DEBUG PluginManager 'TypeConverter' found 26 plugins
2023-08-15 21:39:04,371 JavaFX Application Thread DEBUG PatternLayout$Builder(pattern="%d{yyyy-MM-dd hh:mm:ss} %5p [%c] %m%n", PatternSelector=null, Configuration(jar:file:/C:/Users/septb/.m2/repository/datalife/ds/ds-sqlite/1.0-SNAPSHOT/ds-sqlite-1.0-SNAPSHOT.jar!/log4j2.xml), Replace=null, charset="null", alwaysWriteExceptions="null", disableAnsi="null", noConsoleNoAnsi="null", header="null", footer="null")
2023-08-15 21:39:04,372 JavaFX Application Thread DEBUG PluginManager 'Converter' found 45 plugins
2023-08-15 21:39:04,376 JavaFX Application Thread DEBUG Building Plugin[name=appender, class=org.apache.logging.log4j.core.appender.ConsoleAppender].
2023-08-15 21:39:04,380 JavaFX Application Thread DEBUG ConsoleAppender$Builder(target="SYSTEM_OUT", follow="null", direct="null", bufferedIo="null", bufferSize="null", immediateFlush="null", ignoreExceptions="null", PatternLayout(%d{yyyy-MM-dd hh:mm:ss} %5p [%c] %m%n), name="console", Configuration(jar:file:/C:/Users/septb/.m2/repository/datalife/ds/ds-sqlite/1.0-SNAPSHOT/ds-sqlite-1.0-SNAPSHOT.jar!/log4j2.xml), Filter=null, ={})
2023-08-15 21:39:04,382 JavaFX Application Thread DEBUG Starting OutputStreamManager SYSTEM_OUT.false.false
2023-08-15 21:39:04,382 JavaFX Application Thread DEBUG Building Plugin[name=appenders, class=org.apache.logging.log4j.core.config.AppendersPlugin].
2023-08-15 21:39:04,382 JavaFX Application Thread DEBUG createAppenders(={console})
2023-08-15 21:39:04,383 JavaFX Application Thread DEBUG Building Plugin[name=AppenderRef, class=org.apache.logging.log4j.core.config.AppenderRef].
2023-08-15 21:39:04,384 JavaFX Application Thread DEBUG createAppenderRef(ref="console", level="null", Filter=null)
2023-08-15 21:39:04,385 JavaFX Application Thread DEBUG Building Plugin[name=root, class=org.apache.logging.log4j.core.config.LoggerConfig$RootLogger].
2023-08-15 21:39:04,387 JavaFX Application Thread DEBUG LoggerConfig$RootLogger$Builder(additivity="true", level="INFO", levelAndRefs="null", includeLocation="null", ={console}, ={}, Configuration(jar:file:/C:/Users/septb/.m2/repository/datalife/ds/ds-sqlite/1.0-SNAPSHOT/ds-sqlite-1.0-SNAPSHOT.jar!/log4j2.xml), Filter=null)
2023-08-15 21:39:04,388 JavaFX Application Thread DEBUG Building Plugin[name=loggers, class=org.apache.logging.log4j.core.config.LoggersPlugin].
2023-08-15 21:39:04,389 JavaFX Application Thread DEBUG createLoggers(={root})
2023-08-15 21:39:04,389 JavaFX Application Thread DEBUG Configuration XmlConfiguration[location=jar:file:/C:/Users/septb/.m2/repository/datalife/ds/ds-sqlite/1.0-SNAPSHOT/ds-sqlite-1.0-SNAPSHOT.jar!/log4j2.xml] initialized
2023-08-15 21:39:04,389 JavaFX Application Thread DEBUG Starting configuration XmlConfiguration[location=jar:file:/C:/Users/septb/.m2/repository/datalife/ds/ds-sqlite/1.0-SNAPSHOT/ds-sqlite-1.0-SNAPSHOT.jar!/log4j2.xml]
2023-08-15 21:39:04,389 JavaFX Application Thread DEBUG Started configuration XmlConfiguration[location=jar:file:/C:/Users/septb/.m2/repository/datalife/ds/ds-sqlite/1.0-SNAPSHOT/ds-sqlite-1.0-SNAPSHOT.jar!/log4j2.xml] OK.
2023-08-15 21:39:04,390 JavaFX Application Thread DEBUG Shutting down OutputStreamManager SYSTEM_OUT.false.false-1
2023-08-15 21:39:04,390 JavaFX Application Thread DEBUG OutputStream closed
2023-08-15 21:39:04,390 JavaFX Application Thread DEBUG Shut down OutputStreamManager SYSTEM_OUT.false.false-1, all resources released: true
2023-08-15 21:39:04,390 JavaFX Application Thread DEBUG Appender DefaultConsole-1 stopped with status true
2023-08-15 21:39:04,390 JavaFX Application Thread DEBUG Stopped org.apache.logging.log4j.core.config.DefaultConfiguration@3e2c68e1 OK
2023-08-15 21:39:04,445 JavaFX Application Thread DEBUG Registering MBean org.apache.logging.log4j2:type=64616ca2
2023-08-15 21:39:04,447 JavaFX Application Thread DEBUG Registering MBean org.apache.logging.log4j2:type=64616ca2,component=StatusLogger
2023-08-15 21:39:04,447 JavaFX Application Thread DEBUG Registering MBean org.apache.logging.log4j2:type=64616ca2,component=ContextSelector
2023-08-15 21:39:04,448 JavaFX Application Thread DEBUG Registering MBean org.apache.logging.log4j2:type=64616ca2,component=Loggers,name=
2023-08-15 21:39:04,449 JavaFX Application Thread DEBUG Registering MBean org.apache.logging.log4j2:type=64616ca2,component=Appenders,name=console
2023-08-15 21:39:04,450 JavaFX Application Thread DEBUG org.apache.logging.log4j.core.util.SystemClock supports precise timestamps.
2023-08-15 21:39:04,450 JavaFX Application Thread DEBUG Reconfiguration complete for context[name=64616ca2] at URI jar:file:/C:/Users/septb/.m2/repository/datalife/ds/ds-sqlite/1.0-SNAPSHOT/ds-sqlite-1.0-SNAPSHOT.jar!/log4j2.xml (org.apache.logging.log4j.core.LoggerContext@3a8d1ee9) with optional ClassLoader: null
2023-08-15 21:39:04,450 JavaFX Application Thread DEBUG Shutdown hook enabled. Registering a new one.
2023-08-15 21:39:04,451 JavaFX Application Thread DEBUG LoggerContext[name=64616ca2, org.apache.logging.log4j.core.LoggerContext@3a8d1ee9] started OK.
2023-08-15 09:39:04  INFO [org.jboss.weld.Version] WELD-000900: 5.1.1 (Final)
2023-08-15 09:39:04  INFO [org.jboss.weld.Bootstrap] WELD-ENV-000020: Using jandex for bean discovery
2023-08-15 09:39:07  INFO [org.jboss.weld.Bootstrap] WELD-000101: Transactional services not available. Injection of @Inject UserTransaction not available. Transactional observers will be invoked synchronously.
2023-08-15 09:39:07  INFO [org.jboss.weld.Bootstrap] WELD-ENV-002003: Weld SE container 1e9c6d42-328f-4308-85fb-796e3ee4bd04 initialized
2023-08-15 09:39:07  INFO [org.hibernate.jpa.internal.util.LogHelper] HHH000204: Processing PersistenceUnitInfo [name: AAEHRTEST]
2023-08-15 09:39:07  INFO [org.hibernate.Version] HHH000412: Hibernate ORM core version 6.2.7.Final
2023-08-15 09:39:07  INFO [org.hibernate.cfg.Environment] HHH000406: Using bytecode reflection optimizer
2023-08-15 09:39:07  WARN [org.hibernate.orm.deprecation] HHH90000021: Encountered deprecated setting [javax.persistence.jdbc.user], use [jakarta.persistence.jdbc.user] instead
2023-08-15 09:39:07  WARN [org.hibernate.orm.deprecation] HHH90000021: Encountered deprecated setting [javax.persistence.jdbc.password], use [jakarta.persistence.jdbc.password] instead
2023-08-15 09:39:07  WARN [org.hibernate.orm.deprecation] HHH90000021: Encountered deprecated setting [javax.persistence.jdbc.url], use [jakarta.persistence.jdbc.url] instead
2023-08-15 09:39:07  WARN [org.hibernate.orm.deprecation] HHH90000021: Encountered deprecated setting [javax.persistence.jdbc.driver], use [jakarta.persistence.jdbc.driver] instead
2023-08-15 09:39:08  WARN [org.hibernate.orm.connections.pooling] HHH10001002: Using built-in connection pool (not intended for production use)
2023-08-15 09:39:08  INFO [org.hibernate.orm.connections.pooling] HHH10001005: Loaded JDBC driver class: com.tmax.tibero.jdbc.TbDriver
2023-08-15 09:39:08  INFO [org.hibernate.orm.connections.pooling] HHH10001012: Connecting with JDBC URL [jdbc:tibero:thin:@10.50.145.12:18100:AAEHRTEST]
2023-08-15 09:39:08  INFO [org.hibernate.orm.connections.pooling] HHH10001001: Connection properties: {password=****, includeSynonyms=true, user=k10660}
2023-08-15 09:39:08  INFO [org.hibernate.orm.connections.pooling] HHH10001003: Autocommit mode: false
2023-08-15 09:39:08  INFO [org.hibernate.orm.connections.pooling] HHH10001115: Connection pool size: 20 (min=1)
2023-08-15 09:39:08  WARN [org.hibernate.dialect.Dialect] HHH000511: The 6.0.0 version for [org.hibernate.dialect.OracleDialect] is no longer supported, hence certain features may not work properly. The minimum supported version is 11.2.0. Check the community dialects project for available legacy versions.
2023-08-15 09:39:08  INFO [org.hibernate.orm.beans] HHH10005002: No explicit CDI BeanManager reference was passed to Hibernate, but CDI is available on the Hibernate ClassLoader.
2023-08-15 09:39:11  INFO [org.hibernate.bytecode.internal.BytecodeProviderInitiator] HHH000021: Bytecode provider name : bytebuddy
2023-08-15 09:39:11  INFO [org.hibernate.validator.internal.util.Version] HV000001: Hibernate Validator 8.0.1.Final
2023-08-15 09:39:18  INFO [org.hibernate.engine.transaction.jta.platform.internal.JtaPlatformInitiator] HHH000490: Using JtaPlatform implementation: [org.hibernate.engine.transaction.jta.platform.internal.NoJtaPlatform]
2023-08-15 09:39:18  INFO [org.hibernate.jpa.internal.util.LogHelper] HHH000204: Processing PersistenceUnitInfo [name: LOCAL]
2023-08-15 09:39:18  WARN [org.hibernate.orm.deprecation] HHH90000021: Encountered deprecated setting [javax.persistence.jdbc.user], use [jakarta.persistence.jdbc.user] instead
2023-08-15 09:39:18  WARN [org.hibernate.orm.deprecation] HHH90000021: Encountered deprecated setting [javax.persistence.jdbc.password], use [jakarta.persistence.jdbc.password] instead
2023-08-15 09:39:18  WARN [org.hibernate.orm.deprecation] HHH90000021: Encountered deprecated setting [javax.persistence.jdbc.url], use [jakarta.persistence.jdbc.url] instead
2023-08-15 09:39:18  WARN [org.hibernate.orm.deprecation] HHH90000021: Encountered deprecated setting [javax.persistence.jdbc.driver], use [jakarta.persistence.jdbc.driver] instead
2023-08-15 09:39:18  WARN [org.hibernate.orm.connections.pooling] HHH10001002: Using built-in connection pool (not intended for production use)
2023-08-15 09:39:18  INFO [org.hibernate.orm.connections.pooling] HHH10001005: Loaded JDBC driver class: org.sqlite.JDBC
2023-08-15 09:39:18  INFO [org.hibernate.orm.connections.pooling] HHH10001012: Connecting with JDBC URL [jdbc:sqlite:/DEV/MDS-QUERY/local-db/sqllite-database-test.db]
2023-08-15 09:39:18  INFO [org.hibernate.orm.connections.pooling] HHH10001001: Connection properties: {password=****, user=sa}
2023-08-15 09:39:18  INFO [org.hibernate.orm.connections.pooling] HHH10001003: Autocommit mode: false
2023-08-15 09:39:18  INFO [org.hibernate.orm.connections.pooling] HHH10001115: Connection pool size: 20 (min=1)
2023-08-15 09:39:18  INFO [org.hibernate.bytecode.internal.BytecodeProviderInitiator] HHH000021: Bytecode provider name : bytebuddy
2023-08-15 09:39:18  INFO [org.hibernate.orm.beans] HHH10005002: No explicit CDI BeanManager reference was passed to Hibernate, but CDI is available on the Hibernate ClassLoader.
2023-08-15 09:39:18  INFO [org.hibernate.engine.transaction.jta.platform.internal.JtaPlatformInitiator] HHH000490: Using JtaPlatform implementation: [org.hibernate.engine.transaction.jta.platform.internal.NoJtaPlatform]
2023-08-15 09:39:18  INFO [org.hibernate.jpa.internal.util.LogHelper] HHH000204: Processing PersistenceUnitInfo [name: EHRDEV]
2023-08-15 09:39:18  WARN [org.hibernate.orm.deprecation] HHH90000021: Encountered deprecated setting [javax.persistence.jdbc.user], use [jakarta.persistence.jdbc.user] instead
2023-08-15 09:39:18  WARN [org.hibernate.orm.deprecation] HHH90000021: Encountered deprecated setting [javax.persistence.jdbc.password], use [jakarta.persistence.jdbc.password] instead
2023-08-15 09:39:18  WARN [org.hibernate.orm.deprecation] HHH90000021: Encountered deprecated setting [javax.persistence.jdbc.url], use [jakarta.persistence.jdbc.url] instead
2023-08-15 09:39:18  WARN [org.hibernate.orm.deprecation] HHH90000021: Encountered deprecated setting [javax.persistence.jdbc.driver], use [jakarta.persistence.jdbc.driver] instead
2023-08-15 09:39:19  WARN [org.hibernate.orm.connections.pooling] HHH10001002: Using built-in connection pool (not intended for production use)
2023-08-15 09:39:19  INFO [org.hibernate.orm.connections.pooling] HHH10001005: Loaded JDBC driver class: com.tmax.tibero.jdbc.TbDriver
2023-08-15 09:39:19  INFO [org.hibernate.orm.connections.pooling] HHH10001012: Connecting with JDBC URL [jdbc:tibero:thin:@10.50.115.12:18000:AAEHRDEV]
2023-08-15 09:39:19  INFO [org.hibernate.orm.connections.pooling] HHH10001001: Connection properties: {password=****, includeSynonyms=true, user=sehrdev}
2023-08-15 09:39:19  INFO [org.hibernate.orm.connections.pooling] HHH10001003: Autocommit mode: false
2023-08-15 09:39:19  INFO [org.hibernate.orm.connections.pooling] HHH10001115: Connection pool size: 20 (min=1)
2023-08-15 09:39:19  WARN [org.hibernate.dialect.Dialect] HHH000511: The 6.0.0 version for [org.hibernate.dialect.OracleDialect] is no longer supported, hence certain features may not work properly. The minimum supported version is 11.2.0. Check the community dialects project for available legacy versions.
2023-08-15 09:39:19  INFO [org.hibernate.orm.beans] HHH10005002: No explicit CDI BeanManager reference was passed to Hibernate, but CDI is available on the Hibernate ClassLoader.
2023-08-15 09:39:21  INFO [org.hibernate.bytecode.internal.BytecodeProviderInitiator] HHH000021: Bytecode provider name : bytebuddy
2023-08-15 09:39:27  INFO [org.hibernate.engine.transaction.jta.platform.internal.JtaPlatformInitiator] HHH000490: Using JtaPlatform implementation: [org.hibernate.engine.transaction.jta.platform.internal.NoJtaPlatform]
2023-08-15 09:39:27  INFO [org.hibernate.jpa.internal.util.LogHelper] HHH000204: Processing PersistenceUnitInfo [name: META]
2023-08-15 09:39:27  WARN [org.hibernate.orm.deprecation] HHH90000021: Encountered deprecated setting [javax.persistence.jdbc.user], use [jakarta.persistence.jdbc.user] instead
2023-08-15 09:39:27  WARN [org.hibernate.orm.deprecation] HHH90000021: Encountered deprecated setting [javax.persistence.jdbc.password], use [jakarta.persistence.jdbc.password] instead
2023-08-15 09:39:27  WARN [org.hibernate.orm.deprecation] HHH90000021: Encountered deprecated setting [javax.persistence.jdbc.url], use [jakarta.persistence.jdbc.url] instead
2023-08-15 09:39:27  WARN [org.hibernate.orm.deprecation] HHH90000021: Encountered deprecated setting [javax.persistence.jdbc.driver], use [jakarta.persistence.jdbc.driver] instead
2023-08-15 09:39:27  WARN [org.hibernate.orm.connections.pooling] HHH10001002: Using built-in connection pool (not intended for production use)
2023-08-15 09:39:27  INFO [org.hibernate.orm.connections.pooling] HHH10001005: Loaded JDBC driver class: com.tmax.tibero.jdbc.TbDriver
2023-08-15 09:39:27  INFO [org.hibernate.orm.connections.pooling] HHH10001012: Connecting with JDBC URL [jdbc:tibero:thin:@10.50.115.12:18000:AAEHRDEV]
2023-08-15 09:39:27  INFO [org.hibernate.orm.connections.pooling] HHH10001001: Connection properties: {password=****, includeSynonyms=true, user=metalite}
2023-08-15 09:39:27  INFO [org.hibernate.orm.connections.pooling] HHH10001003: Autocommit mode: false
2023-08-15 09:39:27  INFO [org.hibernate.orm.connections.pooling] HHH10001115: Connection pool size: 20 (min=1)
2023-08-15 09:39:27  WARN [org.hibernate.dialect.Dialect] HHH000511: The 6.0.0 version for [org.hibernate.dialect.OracleDialect] is no longer supported, hence certain features may not work properly. The minimum supported version is 11.2.0. Check the community dialects project for available legacy versions.
2023-08-15 09:39:27  INFO [org.hibernate.orm.beans] HHH10005002: No explicit CDI BeanManager reference was passed to Hibernate, but CDI is available on the Hibernate ClassLoader.
2023-08-15 09:39:27  INFO [org.hibernate.bytecode.internal.BytecodeProviderInitiator] HHH000021: Bytecode provider name : bytebuddy
2023-08-15 09:39:27  INFO [org.hibernate.engine.transaction.jta.platform.internal.JtaPlatformInitiator] HHH000490: Using JtaPlatform implementation: [org.hibernate.engine.transaction.jta.platform.internal.NoJtaPlatform]
2023-08-15 09:39:27  INFO [org.hibernate.jpa.internal.util.LogHelper] HHH000204: Processing PersistenceUnitInfo [name: AAEHRPROD]
2023-08-15 09:39:27  WARN [org.hibernate.orm.deprecation] HHH90000021: Encountered deprecated setting [javax.persistence.jdbc.user], use [jakarta.persistence.jdbc.user] instead
2023-08-15 09:39:27  WARN [org.hibernate.orm.deprecation] HHH90000021: Encountered deprecated setting [javax.persistence.jdbc.password], use [jakarta.persistence.jdbc.password] instead
2023-08-15 09:39:27  WARN [org.hibernate.orm.deprecation] HHH90000021: Encountered deprecated setting [javax.persistence.jdbc.url], use [jakarta.persistence.jdbc.url] instead
2023-08-15 09:39:27  WARN [org.hibernate.orm.deprecation] HHH90000021: Encountered deprecated setting [javax.persistence.jdbc.driver], use [jakarta.persistence.jdbc.driver] instead
2023-08-15 09:39:28  WARN [org.hibernate.orm.connections.pooling] HHH10001002: Using built-in connection pool (not intended for production use)
2023-08-15 09:39:28  INFO [org.hibernate.orm.connections.pooling] HHH10001005: Loaded JDBC driver class: com.tmax.tibero.jdbc.TbDriver
2023-08-15 09:39:28  INFO [org.hibernate.orm.connections.pooling] HHH10001012: Connecting with JDBC URL [jdbc:tibero:thin:@10.40.115.12:18200:AAEHR]
2023-08-15 09:39:28  INFO [org.hibernate.orm.connections.pooling] HHH10001001: Connection properties: {password=****, includeSynonyms=true, user=k10660}
2023-08-15 09:39:28  INFO [org.hibernate.orm.connections.pooling] HHH10001003: Autocommit mode: false
2023-08-15 09:39:28  INFO [org.hibernate.orm.connections.pooling] HHH10001115: Connection pool size: 20 (min=1)
2023-08-15 09:39:28  WARN [org.hibernate.dialect.Dialect] HHH000511: The 6.0.0 version for [org.hibernate.dialect.OracleDialect] is no longer supported, hence certain features may not work properly. The minimum supported version is 11.2.0. Check the community dialects project for available legacy versions.
2023-08-15 09:39:28  INFO [org.hibernate.orm.beans] HHH10005002: No explicit CDI BeanManager reference was passed to Hibernate, but CDI is available on the Hibernate ClassLoader.
2023-08-15 09:39:29  INFO [org.hibernate.bytecode.internal.BytecodeProviderInitiator] HHH000021: Bytecode provider name : bytebuddy
2023-08-15 09:39:35  INFO [org.hibernate.engine.transaction.jta.platform.internal.JtaPlatformInitiator] HHH000490: Using JtaPlatform implementation: [org.hibernate.engine.transaction.jta.platform.internal.NoJtaPlatform]
2023-08-15 09:39:35  INFO [org.jboss.weld.Bootstrap] WELD-ENV-002001: Weld SE container 1e9c6d42-328f-4308-85fb-796e3ee4bd04 shut down
]]></system-out>
    <system-err><![CDATA[SLF4J: Failed to load class "org.slf4j.impl.StaticLoggerBinder".
SLF4J: Defaulting to no-operation (NOP) logger implementation
SLF4J: See http://www.slf4j.org/codes.html#StaticLoggerBinder for further details.
]]></system-err>
  </testcase>
</testsuite>